clean test
[0;33mDeleting:[0m
	All files (*.o) in /Users/andreiciobanu/Projects/simple-matrix-library-cfiles.
	All files (*.ex) in /Users/andreiciobanu/Projects/simple-matrix-library-c/examples/*.ex
	All files (*.ex) in /Users/andreiciobanu/Projects/simple-matrix-library-c/tests/*.ex
	Folder /Users/andreiciobanu/Projects/simple-matrix-library-c/dist[0m
	Folder /Users/andreiciobanu/Projects/simple-matrix-library-c/examples/lib[0m
	Folder /Users/andreiciobanu/Projects/simple-matrix-library-c/tests/lib[0m
[0;33mSanity Checks:[0m
	Checking if gcc is in PATH: [0;32mOK[0m
	Checking if ar is in PATH: [0;32mOK[0m
	Checking if nm is in PATH: [0;32mOK[0m
	Checking if nml.c exists in folder: [0;32mOK[0m
	Checking if nml_util.c exists in folder: [0;32mOK[0m
	Checking if nml.h exists in folder: [0;32mOK[0m
	Checking if nml_util.h exists in folder: [0;32mOK[0m
[0;33mCompiling Objects:[0m
	Compiling nml.c
	Compiling nml_util.c
[0;33mBuilding Library[0m -> libnml.a -> from:
	nml.o
	nml_util.o
[0;33mPreparing tests/ folder with the latest versions: [0m
	Moving dist/* to tests/lib/*
[0;33mCompiling Tests:[0m
	 tests/test_nml_mat_rref.c -> tests/test_nml_mat_rref.ex[0m
[0;33mRunning Tests:[0m
Found 400 test cases in file: [0;36m'/Users/andreiciobanu/Projects/simple-matrix-library-c/tests/test_nml_mat_rref.data'[0m
Test file: [0;36m./tests/test_nml_mat_rref.ex(test_data = [0;33m/Users/andreiciobanu/Projects/simple-matrix-library-c/tests/test_nml_mat_rref.data[0m[0;36m)[0m
[0;32m0 [0m[0;32m1 [0m[0;32m2 [0m[0;32m3 [0m[0;32m4 [0m[0;32m5 [0m[0;32m6 [0m[0;32m7 [0m[0;32m8 [0m[0;32m9 [0m[0;32m10 [0m[0;32m11 [0m[0;32m12 [0m[0;32m13 [0m[0;32m14 [0m[0;32m15 [0m[0;32m16 [0m[0;32m17 [0m[0;32m18 [0m[0;32m19 [0m[0;32m20 [0m[0;32m21 [0m[0;32m22 [0m[0;32m23 [0m[0;32m24 [0m[0;32m25 [0m[0;32m26 [0m[0;32m27 [0m[0;32m28 [0m[0;32m29 [0m[0;32m30 [0m[0;32m31 [0m[0;32m32 [0m[0;32m33 [0m[0;32m34 [0m[0;32m35 [0m[0;32m36 [0m[0;32m37 [0m[0;32m38 [0m[0;32m39 [0m[0;32m40 [0m[0;32m41 [0m[0;32m42 [0m[0;32m43 [0m[0;32m44 [0m[0;32m45 [0m[0;32m46 [0m[0;32m47 [0m[0;32m48 [0m[0;32m49 [0m[0;32m50 [0m[0;32m51 [0m[0;32m52 [0m[0;32m53 [0m[0;32m54 [0m[0;32m55 [0m[0;32m56 [0m[0;32m57 [0m[0;32m58 [0m[0;32m59 [0m[0;32m60 [0m[0;32m61 [0m[0;32m62 [0m[0;32m63 [0m[0;32m64 [0m[0;32m65 [0m[0;32m66 [0m[0;32m67 [0m[0;32m68 [0m[0;32m69 [0m[0;32m70 [0m[0;32m71 [0m[0;32m72 [0m[0;32m73 [0m[0;32m74 [0m[0;32m75 [0m[0;32m76 [0m[0;32m77 [0m[0;32m78 [0m[0;32m79 [0m[0;32m80 [0m[0;32m81 [0m[0;32m82 [0m[0;32m83 [0m[0;32m84 [0m[0;32m85 [0m[0;32m86 [0m[0;32m87 [0m[0;32m88 [0m[0;32m89 [0m[0;32m90 [0m[0;32m91 [0m[0;32m92 [0m[0;32m93 [0m[0;32m94 [0m[0;32m95 [0m[0;32m96 [0m[0;32m97 [0m[0;32m98 [0m[0;32m99 [0m[0;32m100 [0m[0;32m101 [0m[0;32m102 [0m[0;32m103 [0m[0;32m104 [0m[0;32m105 [0m[0;32m106 [0m[0;32m107 [0m[0;32m108 [0m[0;32m109 [0m[0;32m110 [0m[0;32m111 [0m[0;32m112 [0m[0;32m113 [0m[0;32m114 [0m[0;32m115 [0m[0;32m116 [0m[0;32m117 [0m[0;32m118 [0m[0;32m119 [0m[0;32m120 [0m[0;32m121 [0m[0;32m122 [0m[0;32m123 [0m[0;32m124 [0m[0;32m125 [0m[0;32m126 [0m[0;32m127 [0m[0;32m128 [0m[0;32m129 [0m[0;32m130 [0m[0;32m131 [0m[0;32m132 [0m[0;32m133 [0m[0;32m134 [0m[0;32m135 [0m[0;32m136 [0m[0;32m137 [0m[0;32m138 [0m[0;32m139 [0m[0;32m140 [0m[0;32m141 [0m[0;32m142 [0m[0;32m143 [0m[0;32m144 [0m[0;32m145 [0m[0;32m146 [0m[0;32m147 [0m[0;32m148 [0m[0;32m149 [0m[0;32m150 [0m[0;32m151 [0m[0;32m152 [0m[0;32m153 [0m[0;32m154 [0m[0;32m155 [0m[0;32m156 [0m[0;32m157 [0m[0;32m158 [0m[0;32m159 [0m[0;32m160 [0m[0;32m161 [0m[0;32m162 [0m[0;32m163 [0m[0;32m164 [0m[0;32m165 [0m[0;32m166 [0m[0;32m167 [0m[0;32m168 [0m[0;32m169 [0m[0;32m170 [0m[0;32m171 [0m[0;32m172 [0m[0;32m173 [0m[0;32m174 [0m[0;32m175 [0m[0;32m176 [0m[0;32m177 [0m[0;32m178 [0m[0;32m179 [0m[0;32m180 [0m[0;32m181 [0m[0;32m182 [0m[0;32m183 [0m[0;32m184 [0m[0;32m185 [0m[0;32m186 [0m[0;32m187 [0m[0;32m188 [0m[0;32m189 [0m[0;32m190 [0m[0;32m191 [0m[0;32m192 [0m[0;32m193 [0m[0;32m194 [0m[0;32m195 [0m[0;32m196 [0m[0;32m197 [0m[0;32m198 [0m[0;32m199 [0m[0;32m200 [0m[0;32m201 [0m[0;32m202 [0m[0;32m203 [0m[0;32m204 [0m[0;32m205 [0m[0;32m206 [0m[0;32m207 [0m[0;32m208 [0m[0;32m209 [0m[0;32m210 [0m[0;32m211 [0m[0;32m212 [0m[0;32m213 [0m[0;32m214 [0m[0;32m215 [0m[0;32m216 [0m[0;32m217 [0m[0;32m218 [0m[0;32m219 [0m[0;32m220 [0m[0;32m221 [0m[0;32m222 [0m[0;32m223 [0m[0;32m224 [0m[0;32m225 [0m[0;32m226 [0m[0;32m227 [0m[0;32m228 [0m[0;32m229 [0m[0;32m230 [0m[0;32m231 [0m[0;32m232 [0m[0;32m233 [0m[0;32m234 [0m[0;32m235 [0m[0;32m236 [0m[0;32m237 [0m[0;32m238 [0m[0;32m239 [0m[0;32m240 [0m[0;32m241 [0m[0;32m242 [0m[0;32m243 [0m[0;32m244 [0m[0;32m245 [0m[0;32m246 [0m[0;32m247 [0m[0;32m248 [0m[0;32m249 [0m[0;32m250 [0m[0;32m251 [0m[0;32m252 [0m[0;32m253 [0m[0;32m254 [0m[0;32m255 [0m[0;32m256 [0m[0;32m257 [0m[0;32m258 [0m[0;32m259 [0m[0;32m260 [0m[0;32m261 [0m[0;32m262 [0m[0;32m263 [0m[0;32m264 [0m[0;32m265 [0m[0;32m266 [0m[0;32m267 [0m[0;32m268 [0m[0;32m269 [0m[0;32m270 [0m[0;32m271 [0m[0;32m272 [0m[0;32m273 [0m[0;32m274 [0m[0;32m275 [0m[0;32m276 [0m[0;32m277 [0m[0;32m278 [0m[0;32m279 [0m[0;32m280 [0m[0;32m281 [0m[0;32m282 [0m[0;32m283 [0m[0;32m284 [0m[0;32m285 [0m[0;32m286 [0m[0;32m287 [0m[0;32m288 [0m[0;32m289 [0m[0;32m290 [0m[0;32m291 [0m[0;32m292 [0m[0;32m293 [0m[0;32m294 [0m[0;32m295 [0m[0;32m296 [0m[0;32m297 [0m[0;32m298 [0m[0;32m299 [0m[0;32m300 [0m[0;32m301 [0m[0;32m302 [0m[0;32m303 [0m[0;32m304 [0m[0;32m305 [0m[0;32m306 [0m[0;32m307 [0m[0;32m308 [0m[0;32m309 [0m[0;32m310 [0m[0;32m311 [0m[0;32m312 [0m[0;32m313 [0m[0;32m314 [0m[0;32m315 [0m[0;32m316 [0m[0;32m317 [0m[0;32m318 [0m[0;32m319 [0m[0;32m320 [0m[0;32m321 [0m[0;32m322 [0m[0;32m323 [0m[0;32m324 [0m[0;32m325 [0m[0;32m326 [0m[0;32m327 [0m[0;32m328 [0m[0;32m329 [0m[0;32m330 [0m[0;32m331 [0m[0;32m332 [0m[0;32m333 [0m[0;32m334 [0m[0;32m335 [0m[0;32m336 [0m[0;32m337 [0m[0;32m338 [0m[0;32m339 [0m[0;32m340 [0m[0;32m341 [0m[0;32m342 [0m[0;32m343 [0m[0;32m344 [0m[0;32m345 [0m[0;32m346 [0m[0;32m347 [0m[0;32m348 [0m[0;32m349 [0m[0;32m350 [0m[0;32m351 [0m[0;32m352 [0m[0;32m353 [0m[0;32m354 [0m[0;32m355 [0m[0;32m356 [0m[0;32m357 [0m[0;32m358 [0m[0;32m359 [0m[0;32m360 [0m[0;32m361 [0m[0;32m362 [0m[0;32m363 [0m[0;32m364 [0m[0;32m365 [0m[0;32m366 [0m[0;32m367 [0m[0;32m368 [0m[0;32m369 [0m[0;32m370 [0m[0;32m371 [0m[0;32m372 [0m[0;32m373 [0m[0;32m374 [0m[0;32m375 [0m[0;32m376 [0m[0;32m377 [0m[0;32m378 [0m[0;32m379 [0m[0;32m380 [0m[0;32m381 [0m[0;32m382 [0m[0;32m383 [0m[0;32m384 [0m[0;32m385 [0m[0;32m386 [0m[0;32m387 [0m[0;32m388 [0m[0;32m389 [0m[0;32m390 [0m[0;32m391 [0m[0;32m392 [0m[0;32m393 [0m[0;32m394 [0m[0;32m395 [0m[0;32m396 [0m[0;32m397 [0m[0;32m398 [0m[0;32m399 [0m
